c:\users\administrator.jusin-20170512c\desktop\벤시블러드ㅋㅋ\engine\utility\default\debug\vc140.pdb
c:\users\administrator.jusin-20170512c\desktop\벤시블러드ㅋㅋ\engine\utility\default\debug\vc140.idb
c:\users\administrator.jusin-20170512c\desktop\벤시블러드ㅋㅋ\engine\utility\default\debug\camera.obj
c:\users\administrator.jusin-20170512c\desktop\벤시블러드ㅋㅋ\engine\utility\default\debug\clsnmgr.obj
c:\users\administrator.jusin-20170512c\desktop\벤시블러드ㅋㅋ\engine\utility\default\debug\collision.obj
c:\users\administrator.jusin-20170512c\desktop\벤시블러드ㅋㅋ\engine\utility\default\debug\component.obj
c:\users\administrator.jusin-20170512c\desktop\벤시블러드ㅋㅋ\engine\utility\default\debug\frustum.obj
c:\users\administrator.jusin-20170512c\desktop\벤시블러드ㅋㅋ\engine\utility\default\debug\infosubject.obj
c:\users\administrator.jusin-20170512c\desktop\벤시블러드ㅋㅋ\engine\utility\default\debug\layer.obj
c:\users\administrator.jusin-20170512c\desktop\벤시블러드ㅋㅋ\engine\utility\default\debug\line2d.obj
c:\users\administrator.jusin-20170512c\desktop\벤시블러드ㅋㅋ\engine\utility\default\debug\management.obj
c:\users\administrator.jusin-20170512c\desktop\벤시블러드ㅋㅋ\engine\utility\default\debug\navicell.obj
c:\users\administrator.jusin-20170512c\desktop\벤시블러드ㅋㅋ\engine\utility\default\debug\navimgr.obj
c:\users\administrator.jusin-20170512c\desktop\벤시블러드ㅋㅋ\engine\utility\default\debug\observer.obj
c:\users\administrator.jusin-20170512c\desktop\벤시블러드ㅋㅋ\engine\utility\default\debug\quadtree.obj
c:\users\administrator.jusin-20170512c\desktop\벤시블러드ㅋㅋ\engine\utility\default\debug\renderer.obj
c:\users\administrator.jusin-20170512c\desktop\벤시블러드ㅋㅋ\engine\utility\default\debug\scene.obj
c:\users\administrator.jusin-20170512c\desktop\벤시블러드ㅋㅋ\engine\utility\default\debug\subject.obj
c:\users\administrator.jusin-20170512c\desktop\벤시블러드ㅋㅋ\engine\utility\default\debug\transform.obj
c:\users\administrator.jusin-20170512c\desktop\벤시블러드\engine\utility\default\debug\vc140.pdb
c:\users\administrator.jusin-20170512c\desktop\벤시블러드\engine\utility\default\debug\vc140.idb
c:\users\administrator.jusin-20170512c\desktop\벤시블러드\engine\utility\default\debug\camera.obj
c:\users\administrator.jusin-20170512c\desktop\벤시블러드\engine\utility\default\debug\clsnmgr.obj
c:\users\administrator.jusin-20170512c\desktop\벤시블러드\engine\utility\default\debug\collision.obj
c:\users\administrator.jusin-20170512c\desktop\벤시블러드\engine\utility\default\debug\component.obj
c:\users\administrator.jusin-20170512c\desktop\벤시블러드\engine\utility\default\debug\frustum.obj
c:\users\administrator.jusin-20170512c\desktop\벤시블러드\engine\utility\default\debug\infosubject.obj
c:\users\administrator.jusin-20170512c\desktop\벤시블러드\engine\utility\default\debug\layer.obj
c:\users\administrator.jusin-20170512c\desktop\벤시블러드\engine\utility\default\debug\line2d.obj
c:\users\administrator.jusin-20170512c\desktop\벤시블러드\engine\utility\default\debug\management.obj
c:\users\administrator.jusin-20170512c\desktop\벤시블러드\engine\utility\default\debug\navicell.obj
c:\users\administrator.jusin-20170512c\desktop\벤시블러드\engine\utility\default\debug\navimgr.obj
c:\users\administrator.jusin-20170512c\desktop\벤시블러드\engine\utility\default\debug\observer.obj
c:\users\administrator.jusin-20170512c\desktop\벤시블러드\engine\utility\default\debug\quadtree.obj
c:\users\administrator.jusin-20170512c\desktop\벤시블러드\engine\utility\default\debug\renderer.obj
c:\users\administrator.jusin-20170512c\desktop\벤시블러드\engine\utility\default\debug\scene.obj
c:\users\administrator.jusin-20170512c\desktop\벤시블러드\engine\utility\default\debug\subject.obj
c:\users\administrator.jusin-20170512c\desktop\벤시블러드\engine\utility\default\debug\transform.obj
c:\users\administrator.jusin-20170512c\desktop\벤시블러드\engine\utility\default\debug\utility.tlog\cl.command.1.tlog
c:\users\administrator.jusin-20170512c\desktop\벤시블러드\engine\utility\default\debug\utility.tlog\cl.read.1.tlog
c:\users\administrator.jusin-20170512c\desktop\벤시블러드\engine\utility\default\debug\utility.tlog\cl.write.1.tlog
