d:\00.study\00.programming\02.졸업작품\client 작업중\engine\system\default\release\vc140.pdb
d:\00.study\00.programming\02.졸업작품\client 작업중\engine\system\default\release\timemgr.obj
d:\00.study\00.programming\02.졸업작품\client 작업중\engine\system\default\release\input.obj
d:\00.study\00.programming\02.졸업작품\client 작업중\engine\system\default\release\graphicdev.obj
d:\00.study\00.programming\02.졸업작품\client 작업중\engine\system\default\release\fonts.obj
d:\00.study\00.programming\02.졸업작품\client 작업중\engine\system\default\release\fontmgr.obj
d:\00.study\00.programming\02.졸업작품\client 작업중\engine\system\default\release\effects.obj
d:\00.study\00.programming\02.졸업작품\client 작업중\engine\system\bin\system.dll
d:\00.study\00.programming\02.졸업작품\client 작업중\engine\system\bin\system.ipdb
d:\00.study\00.programming\02.졸업작품\client 작업중\engine\system\bin\system.iobj
d:\00.study\00.programming\02.졸업작품\client 작업중\engine\system\bin\system.pdb
d:\00.study\00.programming\02.졸업작품\client 작업중\engine\system\bin\system.lib
d:\00.study\00.programming\02.졸업작품\client 작업중\engine\system\bin\system.exp
d:\00.study\00.programming\02.졸업작품\client 작업중\engine\system\default\..\bin\system.dll
d:\00.study\00.programming\02.졸업작품\client 작업중\engine\system\default\release\system.tlog\cl.command.1.tlog
d:\00.study\00.programming\02.졸업작품\client 작업중\engine\system\default\release\system.tlog\cl.read.1.tlog
d:\00.study\00.programming\02.졸업작품\client 작업중\engine\system\default\release\system.tlog\cl.write.1.tlog
d:\00.study\00.programming\02.졸업작품\client 작업중\engine\system\default\release\system.tlog\link.command.1.tlog
d:\00.study\00.programming\02.졸업작품\client 작업중\engine\system\default\release\system.tlog\link.read.1.tlog
d:\00.study\00.programming\02.졸업작품\client 작업중\engine\system\default\release\system.tlog\link.write.1.tlog
d:\00.study\00.programming\02.졸업작품\client 작업중\engine\system\default\release\system.tlog\system.write.1u.tlog
