  Camera.cpp
  ClsnMgr.cpp
  Collision.cpp
  Component.cpp
  Frustum.cpp
  GameObject.cpp
  InfoSubject.cpp
  Layer.cpp
  Line2D.cpp
  Management.cpp
  NaviCell.cpp
  NaviMgr.cpp
  Observer.cpp
  QuadTree.cpp
  Renderer.cpp
  Scene.cpp
  Subject.cpp
  Transform.cpp
     ..\bin\Utility.lib 라이브러리 및 ..\bin\Utility.exp 개체를 생성하고 있습니다.
QuadTree.obj : error LNK2001: "public: virtual long __thiscall Engine::CVIBuffer::CreateBuffer(void)" (?CreateBuffer@CVIBuffer@Engine@@UAEJXZ) 외부 기호를 확인할 수 없습니다.
QuadTree.obj : error LNK2001: "public: virtual void __thiscall Engine::CVIBuffer::Render(struct DirectX::XMFLOAT4X4 &)" (?Render@CVIBuffer@Engine@@UAEXAAUXMFLOAT4X4@DirectX@@@Z) 외부 기호를 확인할 수 없습니다.
QuadTree.obj : error LNK2001: "public: virtual unsigned long __thiscall Engine::CVIBuffer::Release(void)" (?Release@CVIBuffer@Engine@@UAEKXZ) 외부 기호를 확인할 수 없습니다.
QuadTree.obj : error LNK2001: "public: virtual __thiscall Engine::CVIBuffer::~CVIBuffer(void)" (??1CVIBuffer@Engine@@UAE@XZ) 외부 기호를 확인할 수 없습니다.
QuadTree.obj : error LNK2001: "public: virtual __thiscall Engine::CResources::~CResources(void)" (??1CResources@Engine@@UAE@XZ) 외부 기호를 확인할 수 없습니다.
QuadTree.obj : error LNK2001: "protected: __thiscall Engine::CResources::CResources(class Engine::CResources const &)" (??0CResources@Engine@@IAE@ABV01@@Z) 외부 기호를 확인할 수 없습니다.
..\bin\Utility.dll : fatal error LNK1120: 6개의 확인할 수 없는 외부 참조입니다.
