d:\00.study\00.programming\02.졸업작품\클론리소스잡음\engine\system\default\debug\vc140.pdb
d:\00.study\00.programming\02.졸업작품\클론리소스잡음\engine\system\default\debug\vc140.idb
d:\00.study\00.programming\02.졸업작품\클론리소스잡음\engine\system\default\debug\effects.obj
d:\00.study\00.programming\02.졸업작품\클론리소스잡음\engine\system\default\debug\fonts.obj
d:\00.study\00.programming\02.졸업작품\클론리소스잡음\engine\system\default\debug\graphicdev.obj
d:\00.study\00.programming\02.졸업작품\클론리소스잡음\engine\system\default\debug\input.obj
d:\00.study\00.programming\02.졸업작품\클론리소스잡음\engine\system\default\debug\timemgr.obj
d:\00.study\00.programming\02.졸업작품\클론리소스잡음\engine\system\bin\system.ilk
d:\00.study\00.programming\02.졸업작품\클론리소스잡음\engine\system\bin\system.dll
d:\00.study\00.programming\02.졸업작품\클론리소스잡음\engine\system\bin\system.pdb
d:\00.study\00.programming\02.졸업작품\클론리소스잡음\engine\system\bin\system.lib
d:\00.study\00.programming\02.졸업작품\클론리소스잡음\engine\system\bin\system.exp
d:\00.study\00.programming\02.졸업작품\클론리소스잡음\engine\system\default\..\bin\system.dll
d:\00.study\00.programming\02.졸업작품\클론리소스잡음\engine\system\default\debug\system.tlog\cl.command.1.tlog
d:\00.study\00.programming\02.졸업작품\클론리소스잡음\engine\system\default\debug\system.tlog\cl.read.1.tlog
d:\00.study\00.programming\02.졸업작품\클론리소스잡음\engine\system\default\debug\system.tlog\cl.write.1.tlog
d:\00.study\00.programming\02.졸업작품\클론리소스잡음\engine\system\default\debug\system.tlog\link.command.1.tlog
d:\00.study\00.programming\02.졸업작품\클론리소스잡음\engine\system\default\debug\system.tlog\link.read.1.tlog
d:\00.study\00.programming\02.졸업작품\클론리소스잡음\engine\system\default\debug\system.tlog\link.write.1.tlog
d:\00.study\00.programming\02.졸업작품\클론리소스잡음\engine\system\default\debug\system.tlog\system.write.1u.tlog
