c:\users\administrator\desktop\09 이동 애니메이션 맞춤\engine\utility\default\release\transform.obj
c:\users\administrator\desktop\09 이동 애니메이션 맞춤\engine\utility\default\release\subject.obj
c:\users\administrator\desktop\09 이동 애니메이션 맞춤\engine\utility\default\release\scene.obj
c:\users\administrator\desktop\09 이동 애니메이션 맞춤\engine\utility\default\release\renderer.obj
c:\users\administrator\desktop\09 이동 애니메이션 맞춤\engine\utility\default\release\quadtree.obj
c:\users\administrator\desktop\09 이동 애니메이션 맞춤\engine\utility\default\release\observer.obj
c:\users\administrator\desktop\09 이동 애니메이션 맞춤\engine\utility\default\release\navimgr.obj
c:\users\administrator\desktop\09 이동 애니메이션 맞춤\engine\utility\default\release\navicell.obj
c:\users\administrator\desktop\09 이동 애니메이션 맞춤\engine\utility\default\release\management.obj
c:\users\administrator\desktop\09 이동 애니메이션 맞춤\engine\utility\default\release\line2d.obj
c:\users\administrator\desktop\09 이동 애니메이션 맞춤\engine\utility\default\release\layer.obj
c:\users\administrator\desktop\09 이동 애니메이션 맞춤\engine\utility\default\release\infosubject.obj
c:\users\administrator\desktop\09 이동 애니메이션 맞춤\engine\utility\default\release\gameobject.obj
c:\users\administrator\desktop\09 이동 애니메이션 맞춤\engine\utility\default\release\frustum.obj
c:\users\administrator\desktop\09 이동 애니메이션 맞춤\engine\utility\default\release\component.obj
c:\users\administrator\desktop\09 이동 애니메이션 맞춤\engine\utility\default\release\collision.obj
c:\users\administrator\desktop\09 이동 애니메이션 맞춤\engine\utility\default\release\clsnmgr.obj
c:\users\administrator\desktop\09 이동 애니메이션 맞춤\engine\utility\default\release\camera.obj
c:\users\administrator\desktop\09 이동 애니메이션 맞춤\engine\utility\bin\utility.dll
c:\users\administrator\desktop\09 이동 애니메이션 맞춤\engine\utility\bin\utility.pdb
c:\users\administrator\desktop\09 이동 애니메이션 맞춤\engine\utility\bin\utility.lib
c:\users\administrator\desktop\09 이동 애니메이션 맞춤\engine\utility\bin\utility.exp
c:\users\administrator\desktop\09 이동 애니메이션 맞춤\engine\utility\default\..\bin\utility.dll
c:\users\administrator\desktop\09 이동 애니메이션 맞춤\engine\utility\default\release\utility.tlog\cl.command.1.tlog
c:\users\administrator\desktop\09 이동 애니메이션 맞춤\engine\utility\default\release\utility.tlog\cl.read.1.tlog
c:\users\administrator\desktop\09 이동 애니메이션 맞춤\engine\utility\default\release\utility.tlog\cl.write.1.tlog
c:\users\administrator\desktop\09 이동 애니메이션 맞춤\engine\utility\default\release\utility.tlog\link.command.1.tlog
c:\users\administrator\desktop\09 이동 애니메이션 맞춤\engine\utility\default\release\utility.tlog\link.read.1.tlog
c:\users\administrator\desktop\09 이동 애니메이션 맞춤\engine\utility\default\release\utility.tlog\link.write.1.tlog
c:\users\administrator\desktop\09 이동 애니메이션 맞춤\engine\utility\default\release\utility.tlog\utility.write.1u.tlog
