d:\00.study\00.programming\02.졸업작품\client 작업중\engine\utility\default\debug\vc140.pdb
d:\00.study\00.programming\02.졸업작품\client 작업중\engine\utility\default\debug\vc140.idb
d:\00.study\00.programming\02.졸업작품\client 작업중\engine\utility\default\debug\camera.obj
d:\00.study\00.programming\02.졸업작품\client 작업중\engine\utility\default\debug\clsnmgr.obj
d:\00.study\00.programming\02.졸업작품\client 작업중\engine\utility\default\debug\collision.obj
d:\00.study\00.programming\02.졸업작품\client 작업중\engine\utility\default\debug\component.obj
d:\00.study\00.programming\02.졸업작품\client 작업중\engine\utility\default\debug\frustum.obj
d:\00.study\00.programming\02.졸업작품\client 작업중\engine\utility\default\debug\gameobject.obj
d:\00.study\00.programming\02.졸업작품\client 작업중\engine\utility\default\debug\infosubject.obj
d:\00.study\00.programming\02.졸업작품\client 작업중\engine\utility\default\debug\layer.obj
d:\00.study\00.programming\02.졸업작품\client 작업중\engine\utility\default\debug\line2d.obj
d:\00.study\00.programming\02.졸업작품\client 작업중\engine\utility\default\debug\management.obj
d:\00.study\00.programming\02.졸업작품\client 작업중\engine\utility\default\debug\navicell.obj
d:\00.study\00.programming\02.졸업작품\client 작업중\engine\utility\default\debug\navimgr.obj
d:\00.study\00.programming\02.졸업작품\client 작업중\engine\utility\default\debug\observer.obj
d:\00.study\00.programming\02.졸업작품\client 작업중\engine\utility\default\debug\quadtree.obj
d:\00.study\00.programming\02.졸업작품\client 작업중\engine\utility\default\debug\renderer.obj
d:\00.study\00.programming\02.졸업작품\client 작업중\engine\utility\default\debug\scene.obj
d:\00.study\00.programming\02.졸업작품\client 작업중\engine\utility\default\debug\subject.obj
d:\00.study\00.programming\02.졸업작품\client 작업중\engine\utility\default\debug\transform.obj
d:\00.study\00.programming\02.졸업작품\client 작업중\engine\utility\bin\utility.ilk
d:\00.study\00.programming\02.졸업작품\client 작업중\engine\utility\bin\utility.dll
d:\00.study\00.programming\02.졸업작품\client 작업중\engine\utility\bin\utility.pdb
d:\00.study\00.programming\02.졸업작품\client 작업중\engine\utility\bin\utility.lib
d:\00.study\00.programming\02.졸업작품\client 작업중\engine\utility\bin\utility.exp
d:\00.study\00.programming\02.졸업작품\client 작업중\engine\utility\default\..\bin\utility.dll
d:\00.study\00.programming\02.졸업작품\client 작업중\engine\utility\default\debug\utility.tlog\cl.command.1.tlog
d:\00.study\00.programming\02.졸업작품\client 작업중\engine\utility\default\debug\utility.tlog\cl.read.1.tlog
d:\00.study\00.programming\02.졸업작품\client 작업중\engine\utility\default\debug\utility.tlog\cl.write.1.tlog
d:\00.study\00.programming\02.졸업작품\client 작업중\engine\utility\default\debug\utility.tlog\link.command.1.tlog
d:\00.study\00.programming\02.졸업작품\client 작업중\engine\utility\default\debug\utility.tlog\link.read.1.tlog
d:\00.study\00.programming\02.졸업작품\client 작업중\engine\utility\default\debug\utility.tlog\link.write.1.tlog
d:\00.study\00.programming\02.졸업작품\client 작업중\engine\utility\default\debug\utility.tlog\utility.write.1u.tlog
