c:\users\administrator.jusin-20170512c\desktop\벤시블러드\client\default\debug\client.pch
c:\users\administrator.jusin-20170512c\desktop\벤시블러드\client\default\debug\vc140.pdb
c:\users\administrator.jusin-20170512c\desktop\벤시블러드\client\default\debug\vc140.idb
c:\users\administrator.jusin-20170512c\desktop\벤시블러드\client\default\debug\stdafx.obj
c:\users\administrator.jusin-20170512c\desktop\벤시블러드\client\default\debug\bow.obj
c:\users\administrator.jusin-20170512c\desktop\벤시블러드\client\default\debug\cube.obj
c:\users\administrator.jusin-20170512c\desktop\벤시블러드\client\default\debug\dynamiccamera.obj
c:\users\administrator.jusin-20170512c\desktop\벤시블러드\client\default\debug\landobject.obj
c:\users\administrator.jusin-20170512c\desktop\벤시블러드\client\default\debug\loading.obj
c:\users\administrator.jusin-20170512c\desktop\벤시블러드\client\default\debug\logo.obj
c:\users\administrator.jusin-20170512c\desktop\벤시블러드\client\default\debug\logoback.obj
c:\users\administrator.jusin-20170512c\desktop\벤시블러드\client\default\debug\mainapp.obj
c:\users\administrator.jusin-20170512c\desktop\벤시블러드\client\default\debug\objectcol.obj
c:\users\administrator.jusin-20170512c\desktop\벤시블러드\client\default\debug\objectobserver.obj
c:\users\administrator.jusin-20170512c\desktop\벤시블러드\client\default\debug\player.obj
c:\users\administrator.jusin-20170512c\desktop\벤시블러드\client\default\debug\stage.obj
c:\users\administrator.jusin-20170512c\desktop\벤시블러드\client\default\debug\stone.obj
c:\users\administrator.jusin-20170512c\desktop\벤시블러드\client\default\debug\terrain.obj
c:\users\administrator.jusin-20170512c\desktop\벤시블러드\client\default\debug\client.obj
c:\users\administrator.jusin-20170512c\desktop\벤시블러드\client\bin\color.cso
c:\users\administrator.jusin-20170512c\desktop\벤시블러드\client\bin\basic.cso
c:\users\administrator.jusin-20170512c\desktop\벤시블러드\client\bin\lighthelper.cso
c:\users\administrator.jusin-20170512c\desktop\벤시블러드\client\bin\lighting.cso
c:\users\administrator.jusin-20170512c\desktop\벤시블러드\client\bin\myshader.cso
c:\users\administrator.jusin-20170512c\desktop\벤시블러드ㅋㅋ\client\bin\color.cso
c:\users\administrator.jusin-20170512c\desktop\벤시블러드ㅋㅋ\client\bin\basic.cso
c:\users\administrator.jusin-20170512c\desktop\벤시블러드ㅋㅋ\client\bin\lighting.cso
c:\users\administrator.jusin-20170512c\desktop\벤시블러드ㅋㅋ\client\bin\myshader.cso
c:\users\administrator.jusin-20170512c\desktop\벤시블러드\client\default\debug\client.res
c:\users\administrator.jusin-20170512c\desktop\벤시블러드\client\default\debug\client.tlog\cl.command.1.tlog
c:\users\administrator.jusin-20170512c\desktop\벤시블러드\client\default\debug\client.tlog\cl.read.1.tlog
c:\users\administrator.jusin-20170512c\desktop\벤시블러드\client\default\debug\client.tlog\cl.write.1.tlog
c:\users\administrator.jusin-20170512c\desktop\벤시블러드\client\default\debug\client.tlog\client.write.1u.tlog
c:\users\administrator.jusin-20170512c\desktop\벤시블러드\client\default\debug\client.tlog\fxc.command.1.tlog
c:\users\administrator.jusin-20170512c\desktop\벤시블러드\client\default\debug\client.tlog\fxc.read.1.tlog
c:\users\administrator.jusin-20170512c\desktop\벤시블러드\client\default\debug\client.tlog\fxc.write.1.tlog
c:\users\administrator.jusin-20170512c\desktop\벤시블러드\client\default\debug\client.tlog\link-cvtres.read.1.tlog
c:\users\administrator.jusin-20170512c\desktop\벤시블러드\client\default\debug\client.tlog\link-cvtres.write.1.tlog
c:\users\administrator.jusin-20170512c\desktop\벤시블러드\client\default\debug\client.tlog\link-rc.read.1.tlog
c:\users\administrator.jusin-20170512c\desktop\벤시블러드\client\default\debug\client.tlog\link-rc.write.1.tlog
c:\users\administrator.jusin-20170512c\desktop\벤시블러드\client\default\debug\client.tlog\link.5672-cvtres.read.1.tlog
c:\users\administrator.jusin-20170512c\desktop\벤시블러드\client\default\debug\client.tlog\link.5672-cvtres.write.1.tlog
c:\users\administrator.jusin-20170512c\desktop\벤시블러드\client\default\debug\client.tlog\link.5672-rc.read.1.tlog
c:\users\administrator.jusin-20170512c\desktop\벤시블러드\client\default\debug\client.tlog\link.5672-rc.write.1.tlog
c:\users\administrator.jusin-20170512c\desktop\벤시블러드\client\default\debug\client.tlog\link.5672.read.1.tlog
c:\users\administrator.jusin-20170512c\desktop\벤시블러드\client\default\debug\client.tlog\link.5672.write.1.tlog
c:\users\administrator.jusin-20170512c\desktop\벤시블러드\client\default\debug\client.tlog\link.command.1.tlog
c:\users\administrator.jusin-20170512c\desktop\벤시블러드\client\default\debug\client.tlog\link.read.1.tlog
c:\users\administrator.jusin-20170512c\desktop\벤시블러드\client\default\debug\client.tlog\link.write.1.tlog
c:\users\administrator.jusin-20170512c\desktop\벤시블러드\client\default\debug\client.tlog\rc.command.1.tlog
c:\users\administrator.jusin-20170512c\desktop\벤시블러드\client\default\debug\client.tlog\rc.read.1.tlog
c:\users\administrator.jusin-20170512c\desktop\벤시블러드\client\default\debug\client.tlog\rc.write.1.tlog
