c:\users\administrator\desktop\09 이동 애니메이션 맞춤\engine\system\default\release\vc140.pdb
c:\users\administrator\desktop\09 이동 애니메이션 맞춤\engine\system\default\release\timemgr.obj
c:\users\administrator\desktop\09 이동 애니메이션 맞춤\engine\system\default\release\input.obj
c:\users\administrator\desktop\09 이동 애니메이션 맞춤\engine\system\default\release\graphicdev.obj
c:\users\administrator\desktop\09 이동 애니메이션 맞춤\engine\system\default\release\fonts.obj
c:\users\administrator\desktop\09 이동 애니메이션 맞춤\engine\system\default\release\fontmgr.obj
c:\users\administrator\desktop\09 이동 애니메이션 맞춤\engine\system\default\release\effects.obj
c:\users\administrator\desktop\09 이동 애니메이션 맞춤\engine\system\bin\system.dll
c:\users\administrator\desktop\09 이동 애니메이션 맞춤\engine\system\bin\system.ipdb
c:\users\administrator\desktop\09 이동 애니메이션 맞춤\engine\system\bin\system.iobj
c:\users\administrator\desktop\09 이동 애니메이션 맞춤\engine\system\bin\system.pdb
c:\users\administrator\desktop\09 이동 애니메이션 맞춤\engine\system\bin\system.lib
c:\users\administrator\desktop\09 이동 애니메이션 맞춤\engine\system\bin\system.exp
c:\users\administrator\desktop\09 이동 애니메이션 맞춤\engine\system\default\..\bin\system.dll
c:\users\administrator\desktop\09 이동 애니메이션 맞춤\engine\system\default\release\system.tlog\cl.command.1.tlog
c:\users\administrator\desktop\09 이동 애니메이션 맞춤\engine\system\default\release\system.tlog\cl.read.1.tlog
c:\users\administrator\desktop\09 이동 애니메이션 맞춤\engine\system\default\release\system.tlog\cl.write.1.tlog
c:\users\administrator\desktop\09 이동 애니메이션 맞춤\engine\system\default\release\system.tlog\link.command.1.tlog
c:\users\administrator\desktop\09 이동 애니메이션 맞춤\engine\system\default\release\system.tlog\link.read.1.tlog
c:\users\administrator\desktop\09 이동 애니메이션 맞춤\engine\system\default\release\system.tlog\link.write.1.tlog
c:\users\administrator\desktop\09 이동 애니메이션 맞춤\engine\system\default\release\system.tlog\system.write.1u.tlog
