d:\00.study\00.programming\02.졸업작품\client 작업중\client\default\release\vc140.pdb
d:\00.study\00.programming\02.졸업작품\client 작업중\client\default\release\netmgr.obj
d:\00.study\00.programming\02.졸업작품\client 작업중\client\default\release\client.obj
d:\00.study\00.programming\02.졸업작품\client 작업중\client\default\release\textmgr.obj
d:\00.study\00.programming\02.졸업작품\client 작업중\client\default\release\text.obj
d:\00.study\00.programming\02.졸업작품\client 작업중\client\default\release\terrain.obj
d:\00.study\00.programming\02.졸업작품\client 작업중\client\default\release\stone.obj
d:\00.study\00.programming\02.졸업작품\client 작업중\client\default\release\stage.obj
d:\00.study\00.programming\02.졸업작품\client 작업중\client\default\release\reactui_2d.obj
d:\00.study\00.programming\02.졸업작품\client 작업중\client\default\release\player.obj
d:\00.study\00.programming\02.졸업작품\client 작업중\client\default\release\objectobserver.obj
d:\00.study\00.programming\02.졸업작품\client 작업중\client\default\release\objectcol.obj
d:\00.study\00.programming\02.졸업작품\client 작업중\client\default\release\mainapp.obj
d:\00.study\00.programming\02.졸업작품\client 작업중\client\default\release\logoback.obj
d:\00.study\00.programming\02.졸업작품\client 작업중\client\default\release\logo.obj
d:\00.study\00.programming\02.졸업작품\client 작업중\client\default\release\loading.obj
d:\00.study\00.programming\02.졸업작품\client 작업중\client\default\release\landobject.obj
d:\00.study\00.programming\02.졸업작품\client 작업중\client\default\release\dynamiccamera.obj
d:\00.study\00.programming\02.졸업작품\client 작업중\client\default\release\cube.obj
d:\00.study\00.programming\02.졸업작품\client 작업중\client\default\release\bow.obj
d:\00.study\00.programming\02.졸업작품\client 작업중\client\default\release\login.obj
d:\00.study\00.programming\02.졸업작품\client 작업중\client\default\release\client.pch
d:\00.study\00.programming\02.졸업작품\client 작업중\client\default\release\stdafx.obj
d:\00.study\00.programming\02.졸업작품\client 작업중\client\default\release\lobby.obj
d:\00.study\00.programming\02.졸업작품\client 작업중\client\bin\color.cso
d:\00.study\00.programming\02.졸업작품\client 작업중\client\bin\basic.cso
d:\00.study\00.programming\02.졸업작품\client 작업중\client\bin\lighthelper.cso
d:\00.study\00.programming\02.졸업작품\client 작업중\client\bin\lighting.cso
d:\00.study\00.programming\02.졸업작품\client 작업중\client\bin\myshader.cso
d:\00.study\00.programming\02.졸업작품\client 작업중\client\bin\client.exe
d:\00.study\00.programming\02.졸업작품\client 작업중\client\bin\client.pdb
d:\00.study\00.programming\02.졸업작품\client 작업중\client\default\release\client.res
d:\00.study\00.programming\02.졸업작품\client 작업중\client\default\release\vc140.idb
d:\00.study\00.programming\02.졸업작품\client 작업중\client\default\..\bin\client.exe
d:\00.study\00.programming\02.졸업작품\client 작업중\client\default\release\client.tlog\cl.command.1.tlog
d:\00.study\00.programming\02.졸업작품\client 작업중\client\default\release\client.tlog\cl.read.1.tlog
d:\00.study\00.programming\02.졸업작품\client 작업중\client\default\release\client.tlog\cl.write.1.tlog
d:\00.study\00.programming\02.졸업작품\client 작업중\client\default\release\client.tlog\client.write.1u.tlog
d:\00.study\00.programming\02.졸업작품\client 작업중\client\default\release\client.tlog\fxc.command.1.tlog
d:\00.study\00.programming\02.졸업작품\client 작업중\client\default\release\client.tlog\fxc.read.1.tlog
d:\00.study\00.programming\02.졸업작품\client 작업중\client\default\release\client.tlog\fxc.write.1.tlog
d:\00.study\00.programming\02.졸업작품\client 작업중\client\default\release\client.tlog\link.command.1.tlog
d:\00.study\00.programming\02.졸업작품\client 작업중\client\default\release\client.tlog\link.read.1.tlog
d:\00.study\00.programming\02.졸업작품\client 작업중\client\default\release\client.tlog\link.write.1.tlog
d:\00.study\00.programming\02.졸업작품\client 작업중\client\default\release\client.tlog\rc.command.1.tlog
d:\00.study\00.programming\02.졸업작품\client 작업중\client\default\release\client.tlog\rc.read.1.tlog
d:\00.study\00.programming\02.졸업작품\client 작업중\client\default\release\client.tlog\rc.write.1.tlog
