  Camera.cpp
d:\00.study\00.programming\02.졸업작품\client 작업중\engine\utility\code\GameObject.h(5): fatal error C1083: 포함 파일을 열 수 없습니다. 'Engine_Include.h': No such file or directory
  ClsnMgr.cpp
d:\00.study\00.programming\02.졸업작품\client 작업중\engine\utility\code\ClsnMgr.h(3): fatal error C1083: 포함 파일을 열 수 없습니다. 'Engine_Include.h': No such file or directory
  Collision.cpp
d:\00.study\00.programming\02.졸업작품\client 작업중\engine\utility\code\Component.h(3): fatal error C1083: 포함 파일을 열 수 없습니다. 'Engine_Include.h': No such file or directory
  Component.cpp
d:\00.study\00.programming\02.졸업작품\client 작업중\engine\utility\code\Component.h(3): fatal error C1083: 포함 파일을 열 수 없습니다. 'Engine_Include.h': No such file or directory
  Frustum.cpp
d:\00.study\00.programming\02.졸업작품\client 작업중\engine\utility\code\Frustum.h(18): fatal error C1083: 포함 파일을 열 수 없습니다. 'Engine_Include.h': No such file or directory
  GameObject.cpp
d:\00.study\00.programming\02.졸업작품\client 작업중\engine\utility\code\GameObject.h(5): fatal error C1083: 포함 파일을 열 수 없습니다. 'Engine_Include.h': No such file or directory
  InfoSubject.cpp
d:\00.study\00.programming\02.졸업작품\client 작업중\engine\utility\code\Subject.h(3): fatal error C1083: 포함 파일을 열 수 없습니다. 'Engine_Include.h': No such file or directory
  Layer.cpp
d:\00.study\00.programming\02.졸업작품\client 작업중\engine\utility\code\Layer.h(17): fatal error C1083: 포함 파일을 열 수 없습니다. 'Engine_Include.h': No such file or directory
  Line2D.cpp
d:\00.study\00.programming\02.졸업작품\client 작업중\engine\utility\code\Line2D.h(3): fatal error C1083: 포함 파일을 열 수 없습니다. 'Engine_Include.h': No such file or directory
  Management.cpp
d:\00.study\00.programming\02.졸업작품\client 작업중\engine\utility\code\Management.h(5): fatal error C1083: 포함 파일을 열 수 없습니다. 'Engine_Include.h': No such file or directory
  NaviCell.cpp
d:\00.study\00.programming\02.졸업작품\client 작업중\engine\utility\code\NaviCell.h(3): fatal error C1083: 포함 파일을 열 수 없습니다. 'Engine_Include.h': No such file or directory
  NaviMgr.cpp
d:\00.study\00.programming\02.졸업작품\client 작업중\engine\utility\code\NaviMgr.h(2): fatal error C1083: 포함 파일을 열 수 없습니다. 'engine_include.h': No such file or directory
  Observer.cpp
d:\00.study\00.programming\02.졸업작품\client 작업중\engine\utility\code\Observer.h(3): fatal error C1083: 포함 파일을 열 수 없습니다. 'Engine_Include.h': No such file or directory
  QuadTree.cpp
d:\00.study\00.programming\02.졸업작품\client 작업중\engine\utility\code\QuadTree.h(6): fatal error C1083: 포함 파일을 열 수 없습니다. 'Engine_Include.h': No such file or directory
  Renderer.cpp
d:\00.study\00.programming\02.졸업작품\client 작업중\engine\utility\code\Renderer.h(5): fatal error C1083: 포함 파일을 열 수 없습니다. 'Engine_Include.h': No such file or directory
  Scene.cpp
d:\00.study\00.programming\02.졸업작품\client 작업중\engine\utility\code\Scene.h(17): fatal error C1083: 포함 파일을 열 수 없습니다. 'Engine_Include.h': No such file or directory
  Subject.cpp
d:\00.study\00.programming\02.졸업작품\client 작업중\engine\utility\code\Subject.h(3): fatal error C1083: 포함 파일을 열 수 없습니다. 'Engine_Include.h': No such file or directory
  Transform.cpp
d:\00.study\00.programming\02.졸업작품\client 작업중\engine\utility\code\Component.h(3): fatal error C1083: 포함 파일을 열 수 없습니다. 'Engine_Include.h': No such file or directory
