c:\users\administrator.jusin-20170512c\desktop\벤시블러드ㅋㅋ\engine\resources\default\debug\vc140.pdb
c:\users\administrator.jusin-20170512c\desktop\벤시블러드\engine\resources\default\debug\vc140.pdb
c:\users\administrator.jusin-20170512c\desktop\벤시블러드\engine\resources\default\debug\vc140.idb
c:\users\administrator.jusin-20170512c\desktop\벤시블러드\engine\resources\default\debug\dynamicmesh.obj
c:\users\administrator.jusin-20170512c\desktop\벤시블러드\engine\resources\default\debug\mesh.obj
c:\users\administrator.jusin-20170512c\desktop\벤시블러드\engine\resources\default\debug\modelmesh.obj
c:\users\administrator.jusin-20170512c\desktop\벤시블러드\engine\resources\default\debug\modelmgr.obj
c:\users\administrator.jusin-20170512c\desktop\벤시블러드\engine\resources\default\debug\modelobj.obj
c:\users\administrator.jusin-20170512c\desktop\벤시블러드\engine\resources\default\debug\primitive.obj
c:\users\administrator.jusin-20170512c\desktop\벤시블러드\engine\resources\default\debug\primitivefactory.obj
c:\users\administrator.jusin-20170512c\desktop\벤시블러드\engine\resources\default\debug\rccolor.obj
c:\users\administrator.jusin-20170512c\desktop\벤시블러드\engine\resources\default\debug\rctex.obj
c:\users\administrator.jusin-20170512c\desktop\벤시블러드\engine\resources\default\debug\resourcemgr.obj
c:\users\administrator.jusin-20170512c\desktop\벤시블러드\engine\resources\default\debug\resources.obj
c:\users\administrator.jusin-20170512c\desktop\벤시블러드\engine\resources\default\debug\sceneanimator.obj
c:\users\administrator.jusin-20170512c\desktop\벤시블러드\engine\resources\default\debug\skinnedmesh.obj
c:\users\administrator.jusin-20170512c\desktop\벤시블러드\engine\resources\default\debug\skinnedmodel.obj
c:\users\administrator.jusin-20170512c\desktop\벤시블러드\engine\resources\default\debug\staticmesh.obj
c:\users\administrator.jusin-20170512c\desktop\벤시블러드\engine\resources\default\debug\terraintex.obj
c:\users\administrator.jusin-20170512c\desktop\벤시블러드\engine\resources\default\debug\texture.obj
c:\users\administrator.jusin-20170512c\desktop\벤시블러드\engine\resources\default\debug\tricolor.obj
c:\users\administrator.jusin-20170512c\desktop\벤시블러드\engine\resources\default\debug\vibuffer.obj
c:\users\administrator.jusin-20170512c\desktop\벤시블러드\engine\resources\default\debug\wavefrontreader.obj
c:\users\administrator.jusin-20170512c\desktop\벤시블러드\engine\resources\default\debug\cubecolor.obj
c:\users\administrator.jusin-20170512c\desktop\벤시블러드\engine\resources\default\debug\cubetex.obj
c:\users\administrator.jusin-20170512c\desktop\벤시블러드ㅋㅋ\engine\resources\bin\color.cso
c:\users\administrator.jusin-20170512c\desktop\벤시블러드\engine\resources\bin\color.cso
c:\users\administrator.jusin-20170512c\desktop\벤시블러드ㅋㅋ\engine\resources\bin\resources.ilk
c:\users\administrator.jusin-20170512c\desktop\벤시블러드ㅋㅋ\engine\resources\bin\resources.dll
c:\users\administrator.jusin-20170512c\desktop\벤시블러드ㅋㅋ\engine\resources\bin\resources.pdb
c:\users\administrator.jusin-20170512c\desktop\벤시블러드\engine\resources\bin\resources.ilk
c:\users\administrator.jusin-20170512c\desktop\벤시블러드\engine\resources\bin\resources.dll
c:\users\administrator.jusin-20170512c\desktop\벤시블러드\engine\resources\bin\resources.pdb
c:\users\administrator.jusin-20170512c\desktop\벤시블러드ㅋㅋ\engine\resources\bin\resources.lib
c:\users\administrator.jusin-20170512c\desktop\벤시블러드ㅋㅋ\engine\resources\bin\resources.exp
c:\users\administrator.jusin-20170512c\desktop\벤시블러드\engine\resources\bin\resources.lib
c:\users\administrator.jusin-20170512c\desktop\벤시블러드\engine\resources\bin\resources.exp
c:\users\administrator.jusin-20170512c\desktop\벤시블러드\engine\resources\default\..\bin\resources.dll
c:\users\administrator.jusin-20170512c\desktop\벤시블러드\engine\resources\default\debug\resources.tlog\cl.command.1.tlog
c:\users\administrator.jusin-20170512c\desktop\벤시블러드\engine\resources\default\debug\resources.tlog\cl.read.1.tlog
c:\users\administrator.jusin-20170512c\desktop\벤시블러드\engine\resources\default\debug\resources.tlog\cl.write.1.tlog
c:\users\administrator.jusin-20170512c\desktop\벤시블러드\engine\resources\default\debug\resources.tlog\fxc.command.1.tlog
c:\users\administrator.jusin-20170512c\desktop\벤시블러드\engine\resources\default\debug\resources.tlog\fxc.read.1.tlog
c:\users\administrator.jusin-20170512c\desktop\벤시블러드\engine\resources\default\debug\resources.tlog\fxc.write.1.tlog
c:\users\administrator.jusin-20170512c\desktop\벤시블러드\engine\resources\default\debug\resources.tlog\link.command.1.tlog
c:\users\administrator.jusin-20170512c\desktop\벤시블러드\engine\resources\default\debug\resources.tlog\link.read.1.tlog
c:\users\administrator.jusin-20170512c\desktop\벤시블러드\engine\resources\default\debug\resources.tlog\link.write.1.tlog
c:\users\administrator.jusin-20170512c\desktop\벤시블러드\engine\resources\default\debug\resources.tlog\resources.write.1u.tlog
