d:\00.study\00.programming\02.졸업작품\client 작업중\engine\utility\default\release\scene.obj
d:\00.study\00.programming\02.졸업작품\client 작업중\engine\utility\default\release\renderer.obj
d:\00.study\00.programming\02.졸업작품\client 작업중\engine\utility\default\release\management.obj
d:\00.study\00.programming\02.졸업작품\client 작업중\engine\utility\default\release\gameobject.obj
d:\00.study\00.programming\02.졸업작품\client 작업중\engine\utility\default\release\layer.obj
d:\00.study\00.programming\02.졸업작품\client 작업중\engine\utility\default\release\transform.obj
d:\00.study\00.programming\02.졸업작품\client 작업중\engine\utility\default\release\subject.obj
d:\00.study\00.programming\02.졸업작품\client 작업중\engine\utility\default\release\quadtree.obj
d:\00.study\00.programming\02.졸업작품\client 작업중\engine\utility\default\release\observer.obj
d:\00.study\00.programming\02.졸업작품\client 작업중\engine\utility\default\release\navimgr.obj
d:\00.study\00.programming\02.졸업작품\client 작업중\engine\utility\default\release\navicell.obj
d:\00.study\00.programming\02.졸업작품\client 작업중\engine\utility\default\release\line2d.obj
d:\00.study\00.programming\02.졸업작품\client 작업중\engine\utility\default\release\infosubject.obj
d:\00.study\00.programming\02.졸업작품\client 작업중\engine\utility\default\release\frustum.obj
d:\00.study\00.programming\02.졸업작품\client 작업중\engine\utility\default\release\component.obj
d:\00.study\00.programming\02.졸업작품\client 작업중\engine\utility\default\release\collision.obj
d:\00.study\00.programming\02.졸업작품\client 작업중\engine\utility\default\release\clsnmgr.obj
d:\00.study\00.programming\02.졸업작품\client 작업중\engine\utility\default\release\camera.obj
d:\00.study\00.programming\02.졸업작품\client 작업중\engine\utility\bin\utility.dll
d:\00.study\00.programming\02.졸업작품\client 작업중\engine\utility\bin\utility.pdb
d:\00.study\00.programming\02.졸업작품\client 작업중\engine\utility\bin\utility.lib
d:\00.study\00.programming\02.졸업작품\client 작업중\engine\utility\bin\utility.exp
d:\00.study\00.programming\02.졸업작품\client 작업중\engine\utility\default\release\vc140.pdb
d:\00.study\00.programming\02.졸업작품\client 작업중\engine\utility\default\..\bin\utility.dll
d:\00.study\00.programming\02.졸업작품\client 작업중\engine\utility\default\release\utility.tlog\cl.command.1.tlog
d:\00.study\00.programming\02.졸업작품\client 작업중\engine\utility\default\release\utility.tlog\cl.read.1.tlog
d:\00.study\00.programming\02.졸업작품\client 작업중\engine\utility\default\release\utility.tlog\cl.write.1.tlog
d:\00.study\00.programming\02.졸업작품\client 작업중\engine\utility\default\release\utility.tlog\link.command.1.tlog
d:\00.study\00.programming\02.졸업작품\client 작업중\engine\utility\default\release\utility.tlog\link.read.1.tlog
d:\00.study\00.programming\02.졸업작품\client 작업중\engine\utility\default\release\utility.tlog\link.write.1.tlog
d:\00.study\00.programming\02.졸업작품\client 작업중\engine\utility\default\release\utility.tlog\utility.write.1u.tlog
