d:\00.study\00.programming\02.졸업작품\client\client\default\release\vc140.pdb
c:\users\administrator\desktop\09 이동 애니메이션 맞춤\client\default\release\client.pch
c:\users\administrator\desktop\09 이동 애니메이션 맞춤\client\default\release\vc140.pdb
c:\users\administrator\desktop\09 이동 애니메이션 맞춤\client\default\release\stdafx.obj
c:\users\administrator\desktop\09 이동 애니메이션 맞춤\client\default\release\text.obj
c:\users\administrator\desktop\09 이동 애니메이션 맞춤\client\default\release\terrain.obj
c:\users\administrator\desktop\09 이동 애니메이션 맞춤\client\default\release\stone.obj
c:\users\administrator\desktop\09 이동 애니메이션 맞춤\client\default\release\stage.obj
c:\users\administrator\desktop\09 이동 애니메이션 맞춤\client\default\release\reactui_2d.obj
c:\users\administrator\desktop\09 이동 애니메이션 맞춤\client\default\release\player.obj
c:\users\administrator\desktop\09 이동 애니메이션 맞춤\client\default\release\objectobserver.obj
c:\users\administrator\desktop\09 이동 애니메이션 맞춤\client\default\release\objectcol.obj
c:\users\administrator\desktop\09 이동 애니메이션 맞춤\client\default\release\netmgr.obj
c:\users\administrator\desktop\09 이동 애니메이션 맞춤\client\default\release\me.obj
c:\users\administrator\desktop\09 이동 애니메이션 맞춤\client\default\release\mainapp.obj
c:\users\administrator\desktop\09 이동 애니메이션 맞춤\client\default\release\logoback.obj
c:\users\administrator\desktop\09 이동 애니메이션 맞춤\client\default\release\logo.obj
c:\users\administrator\desktop\09 이동 애니메이션 맞춤\client\default\release\login.obj
c:\users\administrator\desktop\09 이동 애니메이션 맞춤\client\default\release\lobby.obj
c:\users\administrator\desktop\09 이동 애니메이션 맞춤\client\default\release\loading.obj
c:\users\administrator\desktop\09 이동 애니메이션 맞춤\client\default\release\landobject.obj
c:\users\administrator\desktop\09 이동 애니메이션 맞춤\client\default\release\keymgr.obj
c:\users\administrator\desktop\09 이동 애니메이션 맞춤\client\default\release\dynamiccamera.obj
c:\users\administrator\desktop\09 이동 애니메이션 맞춤\client\default\release\cube.obj
c:\users\administrator\desktop\09 이동 애니메이션 맞춤\client\default\release\weapon3rd.obj
c:\users\administrator\desktop\09 이동 애니메이션 맞춤\client\default\release\weapon1st.obj
c:\users\administrator\desktop\09 이동 애니메이션 맞춤\client\default\release\staticcamera.obj
c:\users\administrator\desktop\09 이동 애니메이션 맞춤\client\default\release\scene_loading.obj
c:\users\administrator\desktop\09 이동 애니메이션 맞춤\client\default\release\mycharacter.obj
c:\users\administrator\desktop\09 이동 애니메이션 맞춤\client\default\release\mousemgr.obj
c:\users\administrator\desktop\09 이동 애니메이션 맞춤\client\default\release\ingame.obj
c:\users\administrator\desktop\09 이동 애니메이션 맞춤\client\default\release\gestalt.obj
c:\users\administrator\desktop\09 이동 애니메이션 맞춤\client\default\release\generalmgr.obj
c:\users\administrator\desktop\09 이동 애니메이션 맞춤\client\default\release\gamemgr.obj
c:\users\administrator\desktop\09 이동 애니메이션 맞춤\client\default\release\fpscamera.obj
c:\users\administrator\desktop\09 이동 애니메이션 맞춤\client\default\release\flakcannon1st.obj
c:\users\administrator\desktop\09 이동 애니메이션 맞춤\client\default\release\client.obj
c:\users\administrator\desktop\09 이동 애니메이션 맞춤\client\default\release\character.obj
c:\users\administrator\desktop\09 이동 애니메이션 맞춤\client\default\release\cameramgr.obj
c:\users\administrator\desktop\09 이동 애니메이션 맞춤\client\default\release\assultrifle1st.obj
c:\users\administrator\desktop\09 이동 애니메이션 맞춤\client\default\release\usermgr.obj
c:\users\administrator\desktop\09 이동 애니메이션 맞춤\client\default\release\user.obj
c:\users\administrator\desktop\09 이동 애니메이션 맞춤\client\default\release\textmgr.obj
d:\00.study\00.programming\02.졸업작품\client\client\bin\color.cso
d:\00.study\00.programming\02.졸업작품\client\client\bin\basic.cso
d:\00.study\00.programming\02.졸업작품\client\client\bin\lighthelper.cso
d:\00.study\00.programming\02.졸업작품\client\client\bin\lighting.cso
d:\00.study\00.programming\02.졸업작품\client\client\bin\myshader.cso
c:\users\administrator\desktop\09 이동 애니메이션 맞춤\client\bin\color.cso
c:\users\administrator\desktop\09 이동 애니메이션 맞춤\client\bin\basic.cso
c:\users\administrator\desktop\09 이동 애니메이션 맞춤\client\bin\lighthelper.cso
c:\users\administrator\desktop\09 이동 애니메이션 맞춤\client\bin\lighting.cso
c:\users\administrator\desktop\09 이동 애니메이션 맞춤\client\bin\myshader.cso
c:\users\administrator\desktop\09 이동 애니메이션 맞춤\client\bin\client.exe
c:\users\administrator\desktop\09 이동 애니메이션 맞춤\client\bin\client.ipdb
c:\users\administrator\desktop\09 이동 애니메이션 맞춤\client\bin\client.iobj
c:\users\administrator\desktop\09 이동 애니메이션 맞춤\client\bin\client.pdb
c:\users\administrator\desktop\09 이동 애니메이션 맞춤\client\default\release\client.res
c:\users\administrator\desktop\09 이동 애니메이션 맞춤\client\default\release\bow.obj
c:\users\administrator\desktop\09 이동 애니메이션 맞춤\client\default\..\bin\client.exe
c:\users\administrator\desktop\09 이동 애니메이션 맞춤\client\default\release\client.tlog\cl.command.1.tlog
c:\users\administrator\desktop\09 이동 애니메이션 맞춤\client\default\release\client.tlog\cl.read.1.tlog
c:\users\administrator\desktop\09 이동 애니메이션 맞춤\client\default\release\client.tlog\cl.write.1.tlog
c:\users\administrator\desktop\09 이동 애니메이션 맞춤\client\default\release\client.tlog\client.write.1u.tlog
c:\users\administrator\desktop\09 이동 애니메이션 맞춤\client\default\release\client.tlog\fxc.command.1.tlog
c:\users\administrator\desktop\09 이동 애니메이션 맞춤\client\default\release\client.tlog\fxc.read.1.tlog
c:\users\administrator\desktop\09 이동 애니메이션 맞춤\client\default\release\client.tlog\fxc.write.1.tlog
c:\users\administrator\desktop\09 이동 애니메이션 맞춤\client\default\release\client.tlog\link.command.1.tlog
c:\users\administrator\desktop\09 이동 애니메이션 맞춤\client\default\release\client.tlog\link.read.1.tlog
c:\users\administrator\desktop\09 이동 애니메이션 맞춤\client\default\release\client.tlog\link.write.1.tlog
c:\users\administrator\desktop\09 이동 애니메이션 맞춤\client\default\release\client.tlog\rc.command.1.tlog
c:\users\administrator\desktop\09 이동 애니메이션 맞춤\client\default\release\client.tlog\rc.read.1.tlog
c:\users\administrator\desktop\09 이동 애니메이션 맞춤\client\default\release\client.tlog\rc.write.1.tlog
