  Effects.cpp
  FontMgr.cpp
  Fonts.cpp
  GraphicDev.cpp
  Input.cpp
  TimeMgr.cpp
     ..\bin\System.lib 라이브러리 및 ..\bin\System.exp 개체를 생성하고 있습니다.
  코드를 생성하고 있습니다.
  0 of 485 functions ( 0.0%) were compiled, the rest were copied from previous compilation.
    0 functions were new in current compilation
    0 functions had inline decision re-evaluated but remain unchanged
  코드를 생성했습니다.
Effects11.lib(d3dxGlobal.obj) : warning LNK4099: 'Effects11.pdb' PDB를 'Effects11.lib(d3dxGlobal.obj)' 또는 'D:\00.Study\00.Programming\02.졸업작품\Client 작업중\Engine\System\bin\Effects11.pdb'에서 찾을 수 없습니다. 디버그 정보가 없는 것처럼 개체를 링크합니다.
Effects11.lib(EffectAPI.obj) : warning LNK4099: 'Effects11.pdb' PDB를 'Effects11.lib(EffectAPI.obj)' 또는 'D:\00.Study\00.Programming\02.졸업작품\Client 작업중\Engine\System\bin\Effects11.pdb'에서 찾을 수 없습니다. 디버그 정보가 없는 것처럼 개체를 링크합니다.
Effects11.lib(EffectLoad.obj) : warning LNK4099: 'Effects11.pdb' PDB를 'Effects11.lib(EffectLoad.obj)' 또는 'D:\00.Study\00.Programming\02.졸업작품\Client 작업중\Engine\System\bin\Effects11.pdb'에서 찾을 수 없습니다. 디버그 정보가 없는 것처럼 개체를 링크합니다.
Effects11.lib(EffectNonRuntime.obj) : warning LNK4099: 'Effects11.pdb' PDB를 'Effects11.lib(EffectNonRuntime.obj)' 또는 'D:\00.Study\00.Programming\02.졸업작품\Client 작업중\Engine\System\bin\Effects11.pdb'에서 찾을 수 없습니다. 디버그 정보가 없는 것처럼 개체를 링크합니다.
Effects11.lib(EffectReflection.obj) : warning LNK4099: 'Effects11.pdb' PDB를 'Effects11.lib(EffectReflection.obj)' 또는 'D:\00.Study\00.Programming\02.졸업작품\Client 작업중\Engine\System\bin\Effects11.pdb'에서 찾을 수 없습니다. 디버그 정보가 없는 것처럼 개체를 링크합니다.
Effects11.lib(EffectRuntime.obj) : warning LNK4099: 'Effects11.pdb' PDB를 'Effects11.lib(EffectRuntime.obj)' 또는 'D:\00.Study\00.Programming\02.졸업작품\Client 작업중\Engine\System\bin\Effects11.pdb'에서 찾을 수 없습니다. 디버그 정보가 없는 것처럼 개체를 링크합니다.
  System.vcxproj -> D:\00.Study\00.Programming\02.졸업작품\Client 작업중\Engine\System\Default\..\bin\System.dll
  System.vcxproj -> ..\bin\System.pdb (Full PDB)
