c:\users\administrator\desktop\학교졸작\unrealtournment3\maptool\include\debug\include.pch
c:\users\administrator\desktop\학교졸작\unrealtournment3\maptool\include\debug\vc140.pdb
c:\users\administrator\desktop\학교졸작\unrealtournment3\maptool\include\debug\vc140.idb
c:\users\administrator\desktop\학교졸작\unrealtournment3\maptool\include\debug\stdafx.obj
c:\users\administrator\desktop\학교졸작\unrealtournment3\maptool\include\debug\dynamiccamera.obj
c:\users\administrator\desktop\학교졸작\unrealtournment3\maptool\include\debug\stone.obj
c:\users\administrator\desktop\학교졸작\unrealtournment3\maptool\include\debug\terrain.obj
c:\users\administrator\desktop\학교졸작\unrealtournment3\maptool\include\debug\background.obj
c:\users\administrator\desktop\학교졸작\unrealtournment3\maptool\include\debug\classview.obj
c:\users\administrator\desktop\학교졸작\unrealtournment3\maptool\include\debug\fileview.obj
c:\users\administrator\desktop\학교졸작\unrealtournment3\maptool\include\debug\include.obj
c:\users\administrator\desktop\학교졸작\unrealtournment3\maptool\include\debug\includedoc.obj
c:\users\administrator\desktop\학교졸작\unrealtournment3\maptool\include\debug\includeview.obj
c:\users\administrator\desktop\학교졸작\unrealtournment3\maptool\include\debug\mainfrm.obj
c:\users\administrator\desktop\학교졸작\unrealtournment3\maptool\include\debug\mapedit.obj
c:\users\administrator\desktop\학교졸작\unrealtournment3\maptool\include\debug\outputwnd.obj
c:\users\administrator\desktop\학교졸작\unrealtournment3\maptool\include\debug\propertieswnd.obj
c:\users\administrator\desktop\학교졸작\unrealtournment3\maptool\include\debug\viewtree.obj
c:\users\administrator\desktop\학교졸작\unrealtournment3\maptool\bin\basic.cso
c:\users\administrator\desktop\학교졸작\unrealtournment3\maptool\bin\include.ilk
c:\users\administrator\desktop\학교졸작\unrealtournment3\maptool\bin\include.exe
c:\users\administrator\desktop\학교졸작\unrealtournment3\maptool\bin\include.pdb
c:\users\administrator\desktop\학교졸작\unrealtournment3\maptool\include\debug\include.res
c:\users\administrator\desktop\학교졸작\unrealtournment3\maptool\include\../bin\include.exe
c:\users\administrator\desktop\학교졸작\unrealtournment3\maptool\include\debug\include.tlog\cl.command.1.tlog
c:\users\administrator\desktop\학교졸작\unrealtournment3\maptool\include\debug\include.tlog\cl.read.1.tlog
c:\users\administrator\desktop\학교졸작\unrealtournment3\maptool\include\debug\include.tlog\cl.write.1.tlog
c:\users\administrator\desktop\학교졸작\unrealtournment3\maptool\include\debug\include.tlog\fxc.command.1.tlog
c:\users\administrator\desktop\학교졸작\unrealtournment3\maptool\include\debug\include.tlog\fxc.read.1.tlog
c:\users\administrator\desktop\학교졸작\unrealtournment3\maptool\include\debug\include.tlog\fxc.write.1.tlog
c:\users\administrator\desktop\학교졸작\unrealtournment3\maptool\include\debug\include.tlog\include.write.1u.tlog
c:\users\administrator\desktop\학교졸작\unrealtournment3\maptool\include\debug\include.tlog\link.command.1.tlog
c:\users\administrator\desktop\학교졸작\unrealtournment3\maptool\include\debug\include.tlog\link.read.1.tlog
c:\users\administrator\desktop\학교졸작\unrealtournment3\maptool\include\debug\include.tlog\link.write.1.tlog
c:\users\administrator\desktop\학교졸작\unrealtournment3\maptool\include\debug\include.tlog\rc.command.1.tlog
c:\users\administrator\desktop\학교졸작\unrealtournment3\maptool\include\debug\include.tlog\rc.read.1.tlog
c:\users\administrator\desktop\학교졸작\unrealtournment3\maptool\include\debug\include.tlog\rc.write.1.tlog
