c:\users\administrator\desktop\09 이동 애니메이션 맞춤\engine\resources\default\release\tricolor.obj
c:\users\administrator\desktop\09 이동 애니메이션 맞춤\engine\resources\default\release\texture.obj
c:\users\administrator\desktop\09 이동 애니메이션 맞춤\engine\resources\default\release\terraintex.obj
c:\users\administrator\desktop\09 이동 애니메이션 맞춤\engine\resources\default\release\staticmesh.obj
c:\users\administrator\desktop\09 이동 애니메이션 맞춤\engine\resources\default\release\skinnedmodel.obj
c:\users\administrator\desktop\09 이동 애니메이션 맞춤\engine\resources\default\release\skinnedmesh.obj
c:\users\administrator\desktop\09 이동 애니메이션 맞춤\engine\resources\default\release\sceneanimator.obj
c:\users\administrator\desktop\09 이동 애니메이션 맞춤\engine\resources\default\release\resources.obj
c:\users\administrator\desktop\09 이동 애니메이션 맞춤\engine\resources\default\release\resourcemgr.obj
c:\users\administrator\desktop\09 이동 애니메이션 맞춤\engine\resources\default\release\rctex.obj
c:\users\administrator\desktop\09 이동 애니메이션 맞춤\engine\resources\default\release\rccolor.obj
c:\users\administrator\desktop\09 이동 애니메이션 맞춤\engine\resources\default\release\primitivefactory.obj
c:\users\administrator\desktop\09 이동 애니메이션 맞춤\engine\resources\default\release\primitive.obj
c:\users\administrator\desktop\09 이동 애니메이션 맞춤\engine\resources\default\release\modelobj.obj
c:\users\administrator\desktop\09 이동 애니메이션 맞춤\engine\resources\default\release\modelmgr.obj
c:\users\administrator\desktop\09 이동 애니메이션 맞춤\engine\resources\default\release\modelmesh.obj
c:\users\administrator\desktop\09 이동 애니메이션 맞춤\engine\resources\default\release\mesh.obj
c:\users\administrator\desktop\09 이동 애니메이션 맞춤\engine\resources\default\release\dynamicmesh.obj
c:\users\administrator\desktop\09 이동 애니메이션 맞춤\engine\resources\default\release\cubetex.obj
c:\users\administrator\desktop\09 이동 애니메이션 맞춤\engine\resources\default\release\cubecolor.obj
c:\users\administrator\desktop\09 이동 애니메이션 맞춤\engine\resources\default\release\wavefrontreader.obj
c:\users\administrator\desktop\09 이동 애니메이션 맞춤\engine\resources\default\release\vibuffer.obj
c:\users\administrator\desktop\09 이동 애니메이션 맞춤\engine\resources\bin\color.cso
c:\users\administrator\desktop\09 이동 애니메이션 맞춤\engine\resources\bin\resources.dll
c:\users\administrator\desktop\09 이동 애니메이션 맞춤\engine\resources\bin\resources.ipdb
c:\users\administrator\desktop\09 이동 애니메이션 맞춤\engine\resources\bin\resources.iobj
c:\users\administrator\desktop\09 이동 애니메이션 맞춤\engine\resources\bin\resources.pdb
c:\users\administrator\desktop\09 이동 애니메이션 맞춤\engine\resources\bin\resources.lib
c:\users\administrator\desktop\09 이동 애니메이션 맞춤\engine\resources\bin\resources.exp
c:\users\administrator\desktop\09 이동 애니메이션 맞춤\engine\resources\default\..\bin\resources.dll
c:\users\administrator\desktop\09 이동 애니메이션 맞춤\engine\resources\default\release\resources.tlog\cl.command.1.tlog
c:\users\administrator\desktop\09 이동 애니메이션 맞춤\engine\resources\default\release\resources.tlog\cl.read.1.tlog
c:\users\administrator\desktop\09 이동 애니메이션 맞춤\engine\resources\default\release\resources.tlog\cl.write.1.tlog
c:\users\administrator\desktop\09 이동 애니메이션 맞춤\engine\resources\default\release\resources.tlog\fxc.command.1.tlog
c:\users\administrator\desktop\09 이동 애니메이션 맞춤\engine\resources\default\release\resources.tlog\fxc.read.1.tlog
c:\users\administrator\desktop\09 이동 애니메이션 맞춤\engine\resources\default\release\resources.tlog\fxc.write.1.tlog
c:\users\administrator\desktop\09 이동 애니메이션 맞춤\engine\resources\default\release\resources.tlog\link.command.1.tlog
c:\users\administrator\desktop\09 이동 애니메이션 맞춤\engine\resources\default\release\resources.tlog\link.read.1.tlog
c:\users\administrator\desktop\09 이동 애니메이션 맞춤\engine\resources\default\release\resources.tlog\link.write.1.tlog
c:\users\administrator\desktop\09 이동 애니메이션 맞춤\engine\resources\default\release\resources.tlog\resources.write.1u.tlog
