  Transform.cpp
  Subject.cpp
  Scene.cpp
  Renderer.cpp
  QuadTree.cpp
  Observer.cpp
  NaviMgr.cpp
  NaviCell.cpp
  Management.cpp
  Line2D.cpp
  Layer.cpp
  InfoSubject.cpp
  GameObject.cpp
  Frustum.cpp
  Component.cpp
  Collision.cpp
  ClsnMgr.cpp
  Camera.cpp
  코드를 생성하고 있습니다...
     ..\bin\Utility.lib 라이브러리 및 ..\bin\Utility.exp 개체를 생성하고 있습니다.
  Utility.vcxproj -> D:\00.Study\00.Programming\02.졸업작품\Client 작업중\Engine\Utility\Default\..\bin\Utility.dll
  Utility.vcxproj -> ..\bin\Utility.pdb (Full PDB)
