  DynamicMesh.cpp
c:\users\topoj\desktop\학교졸작(우혁이가준맵합친거)\engine\resources\code\dynamicmesh.cpp(80): warning C4018: '<': signed 또는 unsigned가 일치하지 않습니다.
c:\users\topoj\desktop\학교졸작(우혁이가준맵합친거)\engine\resources\code\dynamicmesh.cpp(91): warning C4018: '<': signed 또는 unsigned가 일치하지 않습니다.
c:\users\topoj\desktop\학교졸작(우혁이가준맵합친거)\engine\resources\code\dynamicmesh.cpp(130): warning C4018: '<': signed 또는 unsigned가 일치하지 않습니다.
c:\users\topoj\desktop\학교졸작(우혁이가준맵합친거)\engine\resources\code\dynamicmesh.cpp(132): warning C4018: '<': signed 또는 unsigned가 일치하지 않습니다.
c:\users\topoj\desktop\학교졸작(우혁이가준맵합친거)\engine\resources\code\dynamicmesh.cpp(195): warning C4018: '<': signed 또는 unsigned가 일치하지 않습니다.
c:\users\topoj\desktop\학교졸작(우혁이가준맵합친거)\engine\resources\code\dynamicmesh.cpp(198): warning C4018: '<': signed 또는 unsigned가 일치하지 않습니다.
c:\users\topoj\desktop\학교졸작(우혁이가준맵합친거)\engine\resources\code\dynamicmesh.cpp(223): warning C4996: 'fopen': This function or variable may be unsafe. Consider using fopen_s instead. To disable deprecation, use _CRT_SECURE_NO_WARNINGS. See online help for details.
  c:\program files (x86)\windows kits\10\include\10.0.10240.0\ucrt\stdio.h(205): note: 'fopen' 선언을 참조하십시오.
c:\users\topoj\desktop\학교졸작(우혁이가준맵합친거)\engine\resources\code\dynamicmesh.cpp(229): warning C4996: 'strcpy': This function or variable may be unsafe. Consider using strcpy_s instead. To disable deprecation, use _CRT_SECURE_NO_WARNINGS. See online help for details.
  c:\program files (x86)\windows kits\10\include\10.0.10240.0\ucrt\string.h(119): note: 'strcpy' 선언을 참조하십시오.
c:\users\topoj\desktop\학교졸작(우혁이가준맵합친거)\engine\resources\code\dynamicmesh.cpp(230): warning C4996: 'strcpy': This function or variable may be unsafe. Consider using strcpy_s instead. To disable deprecation, use _CRT_SECURE_NO_WARNINGS. See online help for details.
  c:\program files (x86)\windows kits\10\include\10.0.10240.0\ucrt\string.h(119): note: 'strcpy' 선언을 참조하십시오.
c:\users\topoj\desktop\학교졸작(우혁이가준맵합친거)\engine\resources\code\dynamicmesh.cpp(243): warning C4996: 'strcat': This function or variable may be unsafe. Consider using strcat_s instead. To disable deprecation, use _CRT_SECURE_NO_WARNINGS. See online help for details.
  c:\program files (x86)\windows kits\10\include\10.0.10240.0\ucrt\string.h(90): note: 'strcat' 선언을 참조하십시오.
c:\users\topoj\desktop\학교졸작(우혁이가준맵합친거)\engine\resources\code\dynamicmesh.cpp(246): warning C4996: 'fopen': This function or variable may be unsafe. Consider using fopen_s instead. To disable deprecation, use _CRT_SECURE_NO_WARNINGS. See online help for details.
  c:\program files (x86)\windows kits\10\include\10.0.10240.0\ucrt\stdio.h(205): note: 'fopen' 선언을 참조하십시오.
c:\users\topoj\desktop\학교졸작(우혁이가준맵합친거)\engine\resources\code\dynamicmesh.cpp(260): warning C4996: 'strcat': This function or variable may be unsafe. Consider using strcat_s instead. To disable deprecation, use _CRT_SECURE_NO_WARNINGS. See online help for details.
  c:\program files (x86)\windows kits\10\include\10.0.10240.0\ucrt\string.h(90): note: 'strcat' 선언을 참조하십시오.
c:\users\topoj\desktop\학교졸작(우혁이가준맵합친거)\engine\resources\code\dynamicmesh.cpp(261): warning C4996: 'strcat': This function or variable may be unsafe. Consider using strcat_s instead. To disable deprecation, use _CRT_SECURE_NO_WARNINGS. See online help for details.
  c:\program files (x86)\windows kits\10\include\10.0.10240.0\ucrt\string.h(90): note: 'strcat' 선언을 참조하십시오.
c:\users\topoj\desktop\학교졸작(우혁이가준맵합친거)\engine\resources\code\dynamicmesh.cpp(263): warning C4996: 'fopen': This function or variable may be unsafe. Consider using fopen_s instead. To disable deprecation, use _CRT_SECURE_NO_WARNINGS. See online help for details.
  c:\program files (x86)\windows kits\10\include\10.0.10240.0\ucrt\stdio.h(205): note: 'fopen' 선언을 참조하십시오.
c:\users\topoj\desktop\학교졸작(우혁이가준맵합친거)\engine\resources\code\dynamicmesh.cpp(270): warning C4996: 'strcat': This function or variable may be unsafe. Consider using strcat_s instead. To disable deprecation, use _CRT_SECURE_NO_WARNINGS. See online help for details.
  c:\program files (x86)\windows kits\10\include\10.0.10240.0\ucrt\string.h(90): note: 'strcat' 선언을 참조하십시오.
c:\users\topoj\desktop\학교졸작(우혁이가준맵합친거)\engine\resources\code\dynamicmesh.cpp(271): warning C4996: 'strcat': This function or variable may be unsafe. Consider using strcat_s instead. To disable deprecation, use _CRT_SECURE_NO_WARNINGS. See online help for details.
  c:\program files (x86)\windows kits\10\include\10.0.10240.0\ucrt\string.h(90): note: 'strcat' 선언을 참조하십시오.
c:\users\topoj\desktop\학교졸작(우혁이가준맵합친거)\engine\resources\code\dynamicmesh.cpp(273): warning C4996: 'fopen': This function or variable may be unsafe. Consider using fopen_s instead. To disable deprecation, use _CRT_SECURE_NO_WARNINGS. See online help for details.
  c:\program files (x86)\windows kits\10\include\10.0.10240.0\ucrt\stdio.h(205): note: 'fopen' 선언을 참조하십시오.
c:\users\topoj\desktop\학교졸작(우혁이가준맵합친거)\engine\resources\code\dynamicmesh.cpp(287): warning C4996: 'strcpy': This function or variable may be unsafe. Consider using strcpy_s instead. To disable deprecation, use _CRT_SECURE_NO_WARNINGS. See online help for details.
  c:\program files (x86)\windows kits\10\include\10.0.10240.0\ucrt\string.h(119): note: 'strcpy' 선언을 참조하십시오.
c:\users\topoj\desktop\학교졸작(우혁이가준맵합친거)\engine\resources\code\dynamicmesh.cpp(288): warning C4996: 'fopen': This function or variable may be unsafe. Consider using fopen_s instead. To disable deprecation, use _CRT_SECURE_NO_WARNINGS. See online help for details.
  c:\program files (x86)\windows kits\10\include\10.0.10240.0\ucrt\stdio.h(205): note: 'fopen' 선언을 참조하십시오.
c:\users\topoj\desktop\학교졸작(우혁이가준맵합친거)\engine\resources\code\dynamicmesh.cpp(290): warning C4996: 'strcpy': This function or variable may be unsafe. Consider using strcpy_s instead. To disable deprecation, use _CRT_SECURE_NO_WARNINGS. See online help for details.
  c:\program files (x86)\windows kits\10\include\10.0.10240.0\ucrt\string.h(119): note: 'strcpy' 선언을 참조하십시오.
c:\users\topoj\desktop\학교졸작(우혁이가준맵합친거)\engine\resources\code\dynamicmesh.cpp(317): warning C4996: 'strcpy': This function or variable may be unsafe. Consider using strcpy_s instead. To disable deprecation, use _CRT_SECURE_NO_WARNINGS. See online help for details.
  c:\program files (x86)\windows kits\10\include\10.0.10240.0\ucrt\string.h(119): note: 'strcpy' 선언을 참조하십시오.
c:\users\topoj\desktop\학교졸작(우혁이가준맵합친거)\engine\resources\code\dynamicmesh.cpp(330): warning C4996: 'strcat': This function or variable may be unsafe. Consider using strcat_s instead. To disable deprecation, use _CRT_SECURE_NO_WARNINGS. See online help for details.
  c:\program files (x86)\windows kits\10\include\10.0.10240.0\ucrt\string.h(90): note: 'strcat' 선언을 참조하십시오.
c:\users\topoj\desktop\학교졸작(우혁이가준맵합친거)\engine\resources\code\dynamicmesh.cpp(362): warning C4996: 'strcat': This function or variable may be unsafe. Consider using strcat_s instead. To disable deprecation, use _CRT_SECURE_NO_WARNINGS. See online help for details.
  c:\program files (x86)\windows kits\10\include\10.0.10240.0\ucrt\string.h(90): note: 'strcat' 선언을 참조하십시오.
c:\users\topoj\desktop\학교졸작(우혁이가준맵합친거)\engine\resources\code\dynamicmesh.cpp(376): warning C4996: 'strcat': This function or variable may be unsafe. Consider using strcat_s instead. To disable deprecation, use _CRT_SECURE_NO_WARNINGS. See online help for details.
  c:\program files (x86)\windows kits\10\include\10.0.10240.0\ucrt\string.h(90): note: 'strcat' 선언을 참조하십시오.
  코드를 생성하고 있습니다...
  컴파일하고 있습니다...
  ResourceMgr.cpp
c:\users\topoj\desktop\학교졸작(우혁이가준맵합친거)\engine\resources\code\resourcemgr.cpp(174): warning C4996: 'sprintf': This function or variable may be unsafe. Consider using sprintf_s instead. To disable deprecation, use _CRT_SECURE_NO_WARNINGS. See online help for details.
  c:\program files (x86)\windows kits\10\include\10.0.10240.0\ucrt\stdio.h(1769): note: 'sprintf' 선언을 참조하십시오.
c:\users\topoj\desktop\학교졸작(우혁이가준맵합친거)\engine\resources\code\resourcemgr.cpp(211): warning C4996: 'sprintf': This function or variable may be unsafe. Consider using sprintf_s instead. To disable deprecation, use _CRT_SECURE_NO_WARNINGS. See online help for details.
  c:\program files (x86)\windows kits\10\include\10.0.10240.0\ucrt\stdio.h(1769): note: 'sprintf' 선언을 참조하십시오.
  코드를 생성하고 있습니다...
     ..\bin\Resources.lib 라이브러리 및 ..\bin\Resources.exp 개체를 생성하고 있습니다.
DirectXTexd.lib(BC.obj) : warning LNK4099: 'DirectXTex.pdb' PDB를 'DirectXTexd.lib(BC.obj)' 또는 'C:\Users\topoj\Desktop\학교졸작(우혁이가준맵합친거)\Engine\Resources\bin\DirectXTex.pdb'에서 찾을 수 없습니다. 디버그 정보가 없는 것처럼 개체를 링크합니다.
DirectXTexd.lib(BC4BC5.obj) : warning LNK4099: 'DirectXTex.pdb' PDB를 'DirectXTexd.lib(BC4BC5.obj)' 또는 'C:\Users\topoj\Desktop\학교졸작(우혁이가준맵합친거)\Engine\Resources\bin\DirectXTex.pdb'에서 찾을 수 없습니다. 디버그 정보가 없는 것처럼 개체를 링크합니다.
DirectXTexd.lib(BC6HBC7.obj) : warning LNK4099: 'DirectXTex.pdb' PDB를 'DirectXTexd.lib(BC6HBC7.obj)' 또는 'C:\Users\topoj\Desktop\학교졸작(우혁이가준맵합친거)\Engine\Resources\bin\DirectXTex.pdb'에서 찾을 수 없습니다. 디버그 정보가 없는 것처럼 개체를 링크합니다.
DirectXTexd.lib(DirectXTexCompress.obj) : warning LNK4099: 'DirectXTex.pdb' PDB를 'DirectXTexd.lib(DirectXTexCompress.obj)' 또는 'C:\Users\topoj\Desktop\학교졸작(우혁이가준맵합친거)\Engine\Resources\bin\DirectXTex.pdb'에서 찾을 수 없습니다. 디버그 정보가 없는 것처럼 개체를 링크합니다.
DirectXTexd.lib(DirectXTexConvert.obj) : warning LNK4099: 'DirectXTex.pdb' PDB를 'DirectXTexd.lib(DirectXTexConvert.obj)' 또는 'C:\Users\topoj\Desktop\학교졸작(우혁이가준맵합친거)\Engine\Resources\bin\DirectXTex.pdb'에서 찾을 수 없습니다. 디버그 정보가 없는 것처럼 개체를 링크합니다.
DirectXTexd.lib(DirectXTexD3D11.obj) : warning LNK4099: 'DirectXTex.pdb' PDB를 'DirectXTexd.lib(DirectXTexD3D11.obj)' 또는 'C:\Users\topoj\Desktop\학교졸작(우혁이가준맵합친거)\Engine\Resources\bin\DirectXTex.pdb'에서 찾을 수 없습니다. 디버그 정보가 없는 것처럼 개체를 링크합니다.
DirectXTexd.lib(DirectXTexDDS.obj) : warning LNK4099: 'DirectXTex.pdb' PDB를 'DirectXTexd.lib(DirectXTexDDS.obj)' 또는 'C:\Users\topoj\Desktop\학교졸작(우혁이가준맵합친거)\Engine\Resources\bin\DirectXTex.pdb'에서 찾을 수 없습니다. 디버그 정보가 없는 것처럼 개체를 링크합니다.
DirectXTexd.lib(DirectXTexHDR.obj) : warning LNK4099: 'DirectXTex.pdb' PDB를 'DirectXTexd.lib(DirectXTexHDR.obj)' 또는 'C:\Users\topoj\Desktop\학교졸작(우혁이가준맵합친거)\Engine\Resources\bin\DirectXTex.pdb'에서 찾을 수 없습니다. 디버그 정보가 없는 것처럼 개체를 링크합니다.
DirectXTexd.lib(DirectXTexImage.obj) : warning LNK4099: 'DirectXTex.pdb' PDB를 'DirectXTexd.lib(DirectXTexImage.obj)' 또는 'C:\Users\topoj\Desktop\학교졸작(우혁이가준맵합친거)\Engine\Resources\bin\DirectXTex.pdb'에서 찾을 수 없습니다. 디버그 정보가 없는 것처럼 개체를 링크합니다.
DirectXTexd.lib(DirectXTexMipMaps.obj) : warning LNK4099: 'DirectXTex.pdb' PDB를 'DirectXTexd.lib(DirectXTexMipMaps.obj)' 또는 'C:\Users\topoj\Desktop\학교졸작(우혁이가준맵합친거)\Engine\Resources\bin\DirectXTex.pdb'에서 찾을 수 없습니다. 디버그 정보가 없는 것처럼 개체를 링크합니다.
DirectXTexd.lib(DirectXTexTGA.obj) : warning LNK4099: 'DirectXTex.pdb' PDB를 'DirectXTexd.lib(DirectXTexTGA.obj)' 또는 'C:\Users\topoj\Desktop\학교졸작(우혁이가준맵합친거)\Engine\Resources\bin\DirectXTex.pdb'에서 찾을 수 없습니다. 디버그 정보가 없는 것처럼 개체를 링크합니다.
DirectXTexd.lib(DirectXTexUtil.obj) : warning LNK4099: 'DirectXTex.pdb' PDB를 'DirectXTexd.lib(DirectXTexUtil.obj)' 또는 'C:\Users\topoj\Desktop\학교졸작(우혁이가준맵합친거)\Engine\Resources\bin\DirectXTex.pdb'에서 찾을 수 없습니다. 디버그 정보가 없는 것처럼 개체를 링크합니다.
DirectXTexd.lib(DirectXTexWIC.obj) : warning LNK4099: 'DirectXTex.pdb' PDB를 'DirectXTexd.lib(DirectXTexWIC.obj)' 또는 'C:\Users\topoj\Desktop\학교졸작(우혁이가준맵합친거)\Engine\Resources\bin\DirectXTex.pdb'에서 찾을 수 없습니다. 디버그 정보가 없는 것처럼 개체를 링크합니다.
  Resources.vcxproj -> C:\Users\topoj\Desktop\학교졸작(우혁이가준맵합친거)\Engine\Resources\Default\..\bin\Resources.dll
  Resources.vcxproj -> ..\bin\Resources.pdb (Full PDB)
